corpus(corpus/dense): genes=442 diseases=300 drugs=300 | workers=24
[batch] 1042 entities | 24 workers | dist=/data/sugi-atlas-dist
[A] collect (1042) …
[A] 26/1042  7.4/s  eta 2m | gene=26 skip=0
[A] 52/1042  7.1/s  eta 2m | gene=52 skip=0
[A] 78/1042  7.7/s  eta 2m | gene=78 skip=0
[A] 104/1042  7.8/s  eta 2m | gene=104 skip=0
[A] 130/1042  7.7/s  eta 2m | gene=130 skip=0
[A] 156/1042  7.1/s  eta 2m | gene=156 skip=0
[A] 182/1042  7.4/s  eta 2m | gene=182 skip=0
[A] 208/1042  7.4/s  eta 2m | gene=208 skip=0
[A] 234/1042  7.5/s  eta 2m | gene=234 skip=0
[A] 260/1042  7.5/s  eta 2m | gene=260 skip=0
[A] 286/1042  7.4/s  eta 2m | gene=286 skip=0
[A] 312/1042  7.5/s  eta 2m | gene=312 skip=0
[A] 338/1042  7.4/s  eta 2m | gene=338 skip=0
[A] 364/1042  7.6/s  eta 1m | gene=364 skip=0
[A] 390/1042  7.7/s  eta 1m | gene=390 skip=0
[A] 416/1042  7.8/s  eta 1m | gene=416 skip=0
[A] 442/1042  7.3/s  eta 1m | disease=4 gene=438 skip=0
[A] 468/1042  6.1/s  eta 2m | disease=25 gene=440 skip=3
[A] 494/1042  5.9/s  eta 2m | disease=48 gene=441 skip=5
[A] 520/1042  5.4/s  eta 2m | disease=73 gene=441 skip=6
[A] 546/1042  5.3/s  eta 2m | disease=97 gene=442 skip=7
[A] 572/1042  5.1/s  eta 2m | disease=123 gene=442 skip=7
[A] 598/1042  4.9/s  eta 1m | disease=148 gene=442 skip=8
[A] 624/1042  4.8/s  eta 1m | disease=174 gene=442 skip=8
[A] 650/1042  4.8/s  eta 1m | disease=200 gene=442 skip=8
[A] 676/1042  4.8/s  eta 1m | disease=225 gene=442 skip=9
[A] 702/1042  4.7/s  eta 1m | disease=251 gene=442 skip=9
[A] 728/1042  4.7/s  eta 1m | disease=272 drug=5 gene=442 skip=9
[A] 754/1042  4.8/s  eta 1m | disease=274 drug=29 gene=442 skip=9
[A] 780/1042  5.0/s  eta 1m | disease=274 drug=55 gene=442 skip=9
[A] 806/1042  5.1/s  eta 1m | disease=276 drug=79 gene=442 skip=9
[A] 832/1042  5.2/s  eta 1m | disease=278 drug=103 gene=442 skip=9
[A] 858/1042  5.4/s  eta 1m | disease=280 drug=127 gene=442 skip=9
[A] 884/1042  5.5/s  eta 0m | disease=281 drug=152 gene=442 skip=9
[A] 910/1042  5.6/s  eta 0m | disease=282 drug=177 gene=442 skip=9
[A] 936/1042  5.8/s  eta 0m | disease=282 drug=203 gene=442 skip=9
[A] 962/1042  5.9/s  eta 0m | disease=282 drug=229 gene=442 skip=9
[A] 988/1042  6.1/s  eta 0m | disease=283 drug=254 gene=442 skip=9
[A] 1014/1042  6.3/s  eta 0m | disease=283 drug=280 gene=442 skip=9
[A] 1040/1042  6.2/s  eta 0m | disease=289 drug=300 gene=442 skip=9
[A] 1042/1042  6.0/s  eta 0m | disease=291 drug=300 gene=442 skip=9
    SKIP disease:epidermolysis bullosa simplex 5C, with pyloric atresia — LookupError("no MONDO row for 'epidermolysis bullosa simplex 5C, with pyloric atresia'")
    SKIP disease:epidermolysis bullosa simplex 5B, with muscular dystrophy — LookupError("no MONDO row for 'epidermolysis bullosa simplex 5B, with muscular dystrophy'")
    SKIP disease:epidermolysis bullosa simplex 5A, Ogna type — LookupError("no MONDO row for 'epidermolysis bullosa simplex 5A, Ogna type'")
    SKIP disease:autosomal recessive ataxia, Beauce type — LookupError("no MONDO row for 'autosomal recessive ataxia, Beauce type'")
    SKIP disease:Emery-Dreifuss muscular dystrophy 4, autosomal dominant — LookupError("no MONDO row for 'Emery-Dreifuss muscular dystrophy 4, autosomal dominant'")
    SKIP disease:Emery-Dreifuss muscular dystrophy 5, autosomal dominant — LookupError("no MONDO row for 'Emery-Dreifuss muscular dystrophy 5, autosomal dominant'")
    SKIP disease:epidermolysis bullosa simplex 3, localized or generalized intermediate, with BP230 deficiency — LookupError("no MONDO row for 'epidermolysis bullosa simplex 3, localized or generalized intermediate, with BP230 deficiency'")
    SKIP disease:ciliary dyskinesia, primary, 37 — LookupError("no MONDO row for 'ciliary dyskinesia, primary, 37'")
    SKIP disease:CFTR-related disorder — LookupError("no MONDO row for 'CFTR-related disorder'")
[A] collected 1033/1042 in 175.1s (9 skipped)
[B] merge manifest …
[B] build reverse-edge index …
[B] reverse index: 698 targets with incoming edges
[C] render (1033) …
[C] 25/1033  538.0/s  eta 0m | gene=25 skip=0
[C] 50/1033  849.8/s  eta 0m | gene=50 skip=0
[C] 75/1033  1045.7/s  eta 0m | gene=75 skip=0
[C] 100/1033  1200.7/s  eta 0m | gene=100 skip=0
[C] 125/1033  1296.7/s  eta 0m | gene=125 skip=0
[C] 150/1033  1387.6/s  eta 0m | gene=150 skip=0
[C] 175/1033  1478.1/s  eta 0m | gene=175 skip=0
[C] 200/1033  1514.8/s  eta 0m | gene=200 skip=0
[C] 225/1033  1566.2/s  eta 0m | gene=225 skip=0
[C] 250/1033  1568.5/s  eta 0m | gene=250 skip=0
[C] 275/1033  1635.3/s  eta 0m | gene=275 skip=0
[C] 300/1033  1664.0/s  eta 0m | gene=300 skip=0
[C] 325/1033  1685.5/s  eta 0m | gene=325 skip=0
[C] 350/1033  1720.7/s  eta 0m | gene=350 skip=0
[C] 375/1033  1745.4/s  eta 0m | gene=375 skip=0
[C] 400/1033  1752.5/s  eta 0m | gene=400 skip=0
[C] 425/1033  1774.7/s  eta 0m | gene=425 skip=0
[C] 450/1033  1781.3/s  eta 0m | disease=12 gene=438 skip=0
[C] 475/1033  1809.6/s  eta 0m | disease=35 gene=440 skip=0
[C] 500/1033  1829.2/s  eta 0m | disease=59 gene=441 skip=0
[C] 525/1033  1865.7/s  eta 0m | disease=84 gene=441 skip=0
[C] 550/1033  1862.6/s  eta 0m | disease=109 gene=441 skip=0
[C] 575/1033  1891.6/s  eta 0m | disease=133 gene=442 skip=0
[C] 600/1033  1907.4/s  eta 0m | disease=158 gene=442 skip=0
[C] 625/1033  1914.7/s  eta 0m | disease=183 gene=442 skip=0
[C] 650/1033  1949.1/s  eta 0m | disease=208 gene=442 skip=0
[C] 675/1033  1965.0/s  eta 0m | disease=233 gene=442 skip=0
[C] 700/1033  1977.8/s  eta 0m | disease=258 gene=442 skip=0
[C] 725/1033  1989.1/s  eta 0m | disease=272 drug=11 gene=442 skip=0
[C] 750/1033  2024.8/s  eta 0m | disease=274 drug=34 gene=442 skip=0
[C] 775/1033  2047.3/s  eta 0m | disease=274 drug=59 gene=442 skip=0
[C] 800/1033  2069.7/s  eta 0m | disease=274 drug=84 gene=442 skip=0
[C] 825/1033  2092.1/s  eta 0m | disease=277 drug=106 gene=442 skip=0
[C] 850/1033  2114.2/s  eta 0m | disease=278 drug=130 gene=442 skip=0
[C] 875/1033  2120.1/s  eta 0m | disease=281 drug=152 gene=442 skip=0
[C] 900/1033  2146.0/s  eta 0m | disease=281 drug=177 gene=442 skip=0
[C] 925/1033  2174.9/s  eta 0m | disease=282 drug=201 gene=442 skip=0
[C] 950/1033  2190.8/s  eta 0m | disease=282 drug=226 gene=442 skip=0
[C] 975/1033  2205.2/s  eta 0m | disease=282 drug=251 gene=442 skip=0
[C] 1000/1033  2221.0/s  eta 0m | disease=283 drug=275 gene=442 skip=0
[C] 1025/1033  2248.7/s  eta 0m | disease=283 drug=300 gene=442 skip=0
[C] 1033/1033  2232.6/s  eta 0m | disease=291 drug=300 gene=442 skip=0
[C] rendered 1033/1033 in 0.5s
[batch] done in 176.2s — 1033 pages published
